2 0 102
1 1
1 2
1 3
2 4 112
1 5
1 6
2 7 114
2 8 113
1 9
1 10
1 11
1 12
1 13
1 14
4 15 127 150 203
1 16
1 17
1 18
3 19 136 159
1 20
2 21 140
1 22
1 23
3 24 118 221
1 25
1 26
2 27 164
1 28
2 29 146
1 30
2 31 210
1 32
2 33 104
3 34 103 119
1 35
2 36 100
1 37
2 38 131
1 39
1 40
2 41 106
1 42
1 43
1 44
2 45 200
1 46
2 47 234
1 48
1 49
2 50 157
1 51
1 52
1 53
3 54 108 117
1 55
2 56 128
2 57 133
3 58 125 161
1 59
1 60
3 61 167 171
1 62
4 63 134 148 174
1 64
2 65 101
2 66 216
1 67
1 68
1 69
1 70
2 71 220
2 72 111
1 73
2 74 129
3 75 116 121
3 76 179 187
1 77
2 78 212
3 79 137 166
2 80 115
1 81
2 82 156
1 83
1 84
3 85 109 184
3 86 162 193
2 87 107
3 88 110 122
2 89 168
3 90 180 198
1 91
2 92 124
1 93
1 94
1 95
2 96 144
1 97
1 98
2 99 105